<?xml version="1.0" encoding="UTF-8"?>
<testng-results ignored="0" total="1" passed="1" failed="0" skipped="0">
  <reporter-output>
  </reporter-output>
  <suite started-at="2023-11-21T14:54:43 IST" name="Default suite" finished-at="2023-11-21T14:54:45 IST" duration-ms="1792">
    <groups>
    </groups>
    <test started-at="2023-11-21T14:54:43 IST" name="Default test" finished-at="2023-11-21T14:54:45 IST" duration-ms="1792">
      <class name="Tests.TestExamples">
        <test-method signature="method1()[pri:0, instance:Tests.TestExamples@1d2adfbe]" started-at="2023-11-21T14:54:43 IST" name="method1" finished-at="2023-11-21T14:54:45 IST" duration-ms="1761" status="PASS">
          <reporter-output>
          </reporter-output>
        </test-method> <!-- method1 -->
      </class> <!-- Tests.TestExamples -->
    </test> <!-- Default test -->
  </suite> <!-- Default suite -->
</testng-results>
