<?xml version="1.0" encoding="UTF-8"?>
<testng-results ignored="0" total="2" passed="2" failed="0" skipped="0">
  <reporter-output>
  </reporter-output>
  <suite started-at="2023-11-21T16:56:06 IST" name="Default suite" finished-at="2023-11-21T16:56:06 IST" duration-ms="50">
    <groups>
      <group name="fast">
        <method signature="SimpleTest.aFastTest()[pri:0, instance:Tests.SimpleTest@4562e04d]" name="aFastTest" class="Tests.SimpleTest"/>
      </group> <!-- fast -->
      <group name="slow">
        <method signature="SimpleTest.aSlowTest()[pri:0, instance:Tests.SimpleTest@4562e04d]" name="aSlowTest" class="Tests.SimpleTest"/>
      </group> <!-- slow -->
    </groups>
    <test started-at="2023-11-21T16:56:06 IST" name="Default test" finished-at="2023-11-21T16:56:06 IST" duration-ms="50">
      <class name="Tests.SimpleTest">
        <test-method is-config="true" signature="setUp()[pri:0, instance:Tests.SimpleTest@4562e04d]" started-at="2023-11-21T16:56:06 IST" name="setUp" finished-at="2023-11-21T16:56:06 IST" duration-ms="8" status="PASS">
          <reporter-output>
          </reporter-output>
        </test-method> <!-- setUp -->
        <test-method signature="aFastTest()[pri:0, instance:Tests.SimpleTest@4562e04d]" started-at="2023-11-21T16:56:06 IST" name="aFastTest" finished-at="2023-11-21T16:56:06 IST" duration-ms="5" status="PASS">
          <reporter-output>
          </reporter-output>
        </test-method> <!-- aFastTest -->
        <test-method signature="aSlowTest()[pri:0, instance:Tests.SimpleTest@4562e04d]" started-at="2023-11-21T16:56:06 IST" name="aSlowTest" finished-at="2023-11-21T16:56:06 IST" duration-ms="2" status="PASS">
          <reporter-output>
          </reporter-output>
        </test-method> <!-- aSlowTest -->
      </class> <!-- Tests.SimpleTest -->
    </test> <!-- Default test -->
  </suite> <!-- Default suite -->
</testng-results>
